-------------------------------------------------------------------------------
Test set: TestSuite
-------------------------------------------------------------------------------
Tests run: 2, Failures: 1, Errors: 0, Skipped: 0, Time elapsed: 139.292 s <<< FAILURE! - in TestSuite
zoho.runner.MyRunner.runScenario  Time elapsed: 56.52 s  <<< FAILURE!
java.lang.AssertionError: 
The following asserts failed:
	Object not found delete_id

