<?xml version="1.0" encoding="UTF-8"?>
<testng-results skipped="0" failed="0" total="2" passed="2">
  <reporter-output>
  </reporter-output>
  <suite name="Default suite" duration-ms="148821" started-at="2022-03-11T12:43:50Z" finished-at="2022-03-11T12:46:18Z">
    <groups>
      <group name="cucumber">
        <method signature="AbstractTestNGCucumberTests.runScenario(io.cucumber.testng.PickleWrapper, io.cucumber.testng.FeatureWrapper)[pri:0, instance:zoho.runner.MyRunner@335eadca]" name="runScenario" class="io.cucumber.testng.AbstractTestNGCucumberTests"/>
      </group> <!-- cucumber -->
    </groups>
    <test name="Default test" duration-ms="148821" started-at="2022-03-11T12:43:50Z" finished-at="2022-03-11T12:46:18Z">
      <class name="zoho.runner.MyRunner">
        <test-method status="PASS" signature="setUpClass()[pri:0, instance:zoho.runner.MyRunner@335eadca]" name="setUpClass" is-config="true" duration-ms="1568" started-at="2022-03-11T07:43:50Z" finished-at="2022-03-11T07:43:51Z">
          <reporter-output>
          </reporter-output>
        </test-method> <!-- setUpClass -->
        <test-method status="PASS" signature="runScenario(io.cucumber.testng.PickleWrapper, io.cucumber.testng.FeatureWrapper)[pri:0, instance:zoho.runner.MyRunner@335eadca]" name="runScenario" duration-ms="84138" started-at="2022-03-11T07:43:51Z" description="Runs Cucumber Scenarios" data-provider="scenarios" finished-at="2022-03-11T07:45:15Z">
          <params>
            <param index="0">
              <value>
                <![CDATA["Creation of a lead"]]>
              </value>
            </param>
            <param index="1">
              <value>
                <![CDATA["Optional[Managing leads]"]]>
              </value>
            </param>
          </params>
          <reporter-output>
          </reporter-output>
        </test-method> <!-- runScenario -->
        <test-method status="PASS" signature="runScenario(io.cucumber.testng.PickleWrapper, io.cucumber.testng.FeatureWrapper)[pri:0, instance:zoho.runner.MyRunner@335eadca]" name="runScenario" duration-ms="62736" started-at="2022-03-11T07:45:15Z" description="Runs Cucumber Scenarios" data-provider="scenarios" finished-at="2022-03-11T07:46:18Z">
          <params>
            <param index="0">
              <value>
                <![CDATA["Deletion of the lead"]]>
              </value>
            </param>
            <param index="1">
              <value>
                <![CDATA["Optional[Managing leads]"]]>
              </value>
            </param>
          </params>
          <reporter-output>
          </reporter-output>
        </test-method> <!-- runScenario -->
        <test-method status="PASS" signature="tearDownClass()[pri:0, instance:zoho.runner.MyRunner@335eadca]" name="tearDownClass" is-config="true" duration-ms="320" started-at="2022-03-11T07:46:18Z" finished-at="2022-03-11T07:46:18Z">
          <reporter-output>
          </reporter-output>
        </test-method> <!-- tearDownClass -->
      </class> <!-- zoho.runner.MyRunner -->
    </test> <!-- Default test -->
  </suite> <!-- Default suite -->
</testng-results>
